IT/Student Presentations/2018-19/Javier Ripoll/FlappeeBeeWithInputMultiplexer/android/build/outputs/logs/manifest-merger-debug-report.txt
-- Merging decision tree log ---
manifest
ADDED from JuanjosSnakeWithInputMultiplexer/android/AndroidManifest.xml:2:1-23:12
INJECTED from JuanjosSnakeWithInputMultiplexer/android/AndroidManifest.xml:2:1-23:12
INJECTED from JuanjosSnakeWithInputMultiplexer/android/AndroidManifest.xml:2:1-23:12
INJECTED from JuanjosSnakeWithInputMultiplexer/android/AndroidManifest.xml:2:1-23:12
INJECTED from JuanjosSnakeWithInputMultiplexer/android/AndroidManifest.xml:2:1-23:12
INJECTED from JuanjosSnakeWithInputMultiplexer/android/AndroidManifest.xml:2:1-23:12
INJECTED from JuanjosSnakeWithInputMultiplexer/android/AndroidManifest.xml:2:1-23:12
	package
		ADDED from JuanjosSnakeWithInputMultiplexer/android/AndroidManifest.xml:3:5-30
		INJECTED from JuanjosSnakeWithInputMultiplexer/android/AndroidManifest.xml
		INJECTED from JuanjosSnakeWithInputMultiplexer/android/AndroidManifest.xml
	android:versionName
		INJECTED from JuanjosSnakeWithInputMultiplexer/android/AndroidManifest.xml
		ADDED from JuanjosSnakeWithInputMultiplexer/android/AndroidManifest.xml:2:1-23:12
		INJECTED from JuanjosSnakeWithInputMultiplexer/android/AndroidManifest.xml
	android:versionCode
		INJECTED from JuanjosSnakeWithInputMultiplexer/android/AndroidManifest.xml
		ADDED from JuanjosSnakeWithInputMultiplexer/android/AndroidManifest.xml:2:1-23:12
		INJECTED from JuanjosSnakeWithInputMultiplexer/android/AndroidManifest.xml
	xmlns:android
		ADDED from JuanjosSnakeWithInputMultiplexer/android/AndroidManifest.xml:2:11-69
application
ADDED from JuanjosSnakeWithInputMultiplexer/android/AndroidManifest.xml:6:5-21:19
	android:label
		ADDED from JuanjosSnakeWithInputMultiplexer/android/AndroidManifest.xml:9:9-41
	android:icon
		ADDED from JuanjosSnakeWithInputMultiplexer/android/AndroidManifest.xml:8:9-45
	android:allowBackup
		ADDED from JuanjosSnakeWithInputMultiplexer/android/AndroidManifest.xml:7:9-35
	android:theme
		ADDED from JuanjosSnakeWithInputMultiplexer/android/AndroidManifest.xml:10:9-40
activity#com.mypddm.game.AndroidLauncher
ADDED from JuanjosSnakeWithInputMultiplexer/android/AndroidManifest.xml:11:9-20:20
	android:screenOrientation
		ADDED from JuanjosSnakeWithInputMultiplexer/android/AndroidManifest.xml:14:13-49
	android:label
		ADDED from JuanjosSnakeWithInputMultiplexer/android/AndroidManifest.xml:13:13-45
	android:configChanges
		ADDED from JuanjosSnakeWithInputMultiplexer/android/AndroidManifest.xml:15:13-107
	android:name
		ADDED from JuanjosSnakeWithInputMultiplexer/android/AndroidManifest.xml:12:13-59
intent-filter#action:name:android.intent.action.MAIN+category:name:android.intent.category.LAUNCHER
ADDED from JuanjosSnakeWithInputMultiplexer/android/AndroidManifest.xml:16:13-19:29
action#android.intent.action.MAIN
ADDED from JuanjosSnakeWithInputMultiplexer/android/AndroidManifest.xml:17:17-69
	android:name
		ADDED from JuanjosSnakeWithInputMultiplexer/android/AndroidManifest.xml:17:25-66
category#android.intent.category.LAUNCHER
ADDED from JuanjosSnakeWithInputMultiplexer/android/AndroidManifest.xml:18:17-77
	android:name
		ADDED from JuanjosSnakeWithInputMultiplexer/android/AndroidManifest.xml:18:27-74
uses-sdk
INJECTED from JuanjosSnakeWithInputMultiplexer/android/AndroidManifest.xml reason: use-sdk injection requested
INJECTED from JuanjosSnakeWithInputMultiplexer/android/AndroidManifest.xml
INJECTED from JuanjosSnakeWithInputMultiplexer/android/AndroidManifest.xml
INJECTED from JuanjosSnakeWithInputMultiplexer/android/AndroidManifest.xml
INJECTED from JuanjosSnakeWithInputMultiplexer/android/AndroidManifest.xml
	android:targetSdkVersion
		INJECTED from JuanjosSnakeWithInputMultiplexer/android/AndroidManifest.xml
		ADDED from JuanjosSnakeWithInputMultiplexer/android/AndroidManifest.xml
		INJECTED from JuanjosSnakeWithInputMultiplexer/android/AndroidManifest.xml
	android:minSdkVersion
		INJECTED from JuanjosSnakeWithInputMultiplexer/android/AndroidManifest.xml
		ADDED from JuanjosSnakeWithInputMultiplexer/android/AndroidManifest.xml
		INJECTED from JuanjosSnakeWithInputMultiplexer/android/AndroidManifest.xml